<?xml version="1.0" encoding="UTF-8"?>
<testsuite name="com.songex.admin.web.indexControllerTest" tests="1" skipped="0" failures="0" errors="0" timestamp="2021-03-22T10:33:31" hostname="SONG-DESKTOP" time="0.123">
  <properties/>
  <testcase name="메인페이지_로딩" classname="com.songex.admin.web.indexControllerTest" time="0.123"/>
  <system-out><![CDATA[2021-03-22 19:33:29.637  INFO 12184 --- [    Test worker] .b.t.c.SpringBootTestContextBootstrapper : Neither @ContextConfiguration nor @ContextHierarchy found for test class [com.songex.admin.web.indexControllerTest], using SpringBootContextLoader
2021-03-22 19:33:29.637  INFO 12184 --- [    Test worker] o.s.t.c.support.AbstractContextLoader    : Could not detect default resource locations for test class [com.songex.admin.web.indexControllerTest]: no resource found for suffixes {-context.xml, Context.groovy}.
2021-03-22 19:33:29.637  INFO 12184 --- [    Test worker] t.c.s.AnnotationConfigContextLoaderUtils : Could not detect default configuration classes for test class [com.songex.admin.web.indexControllerTest]: indexControllerTest does not declare any static, non-private, non-final, nested classes annotated with @Configuration.
2021-03-22 19:33:29.638  INFO 12184 --- [    Test worker] .b.t.c.SpringBootTestContextBootstrapper : Found @SpringBootConfiguration com.songex.admin.Application for test class com.songex.admin.web.indexControllerTest
2021-03-22 19:33:29.639  INFO 12184 --- [    Test worker] .b.t.c.SpringBootTestContextBootstrapper : Loaded default TestExecutionListener class names from location [META-INF/spring.factories]: [org.springframework.security.test.context.support.WithSecurityContextTestExecutionListener, org.springframework.security.test.context.support.ReactorContextTestExecutionListener, org.springframework.boot.test.autoconfigure.restdocs.RestDocsTestExecutionListener, org.springframework.boot.test.autoconfigure.web.client.MockRestServiceServerResetTestExecutionListener, org.springframework.boot.test.autoconfigure.web.servlet.MockMvcPrintOnlyOnFailureTestExecutionListener, org.springframework.boot.test.autoconfigure.web.servlet.WebDriverTestExecutionListener, org.springframework.boot.test.mock.mockito.MockitoTestExecutionListener, org.springframework.boot.test.mock.mockito.ResetMocksTestExecutionListener, org.springframework.test.context.web.ServletTestExecutionListener, org.springframework.test.context.support.DirtiesContextBeforeModesTestExecutionListener, org.springframework.test.context.support.DependencyInjectionTestExecutionListener, org.springframework.test.context.support.DirtiesContextTestExecutionListener, org.springframework.test.context.transaction.TransactionalTestExecutionListener, org.springframework.test.context.jdbc.SqlScriptsTestExecutionListener]
2021-03-22 19:33:29.639  INFO 12184 --- [    Test worker] .b.t.c.SpringBootTestContextBootstrapper : Using TestExecutionListeners: [org.springframework.test.context.web.ServletTestExecutionListener@1965d213, org.springframework.test.context.support.DirtiesContextBeforeModesTestExecutionListener@3bbc4351, org.springframework.boot.test.mock.mockito.MockitoTestExecutionListener@97aa0, org.springframework.boot.test.autoconfigure.SpringBootDependencyInjectionTestExecutionListener@72e2f74f, org.springframework.test.context.support.DirtiesContextTestExecutionListener@4520564a, org.springframework.test.context.transaction.TransactionalTestExecutionListener@1cdf2374, org.springframework.test.context.jdbc.SqlScriptsTestExecutionListener@57489635, org.springframework.security.test.context.support.WithSecurityContextTestExecutionListener@32f55b1c, org.springframework.security.test.context.support.ReactorContextTestExecutionListener@75a0c90e, org.springframework.boot.test.autoconfigure.restdocs.RestDocsTestExecutionListener@1001904d, org.springframework.boot.test.autoconfigure.web.client.MockRestServiceServerResetTestExecutionListener@36b4546, org.springframework.boot.test.autoconfigure.web.servlet.MockMvcPrintOnlyOnFailureTestExecutionListener@1bded38c, org.springframework.boot.test.autoconfigure.web.servlet.WebDriverTestExecutionListener@68c59140, org.springframework.boot.test.mock.mockito.ResetMocksTestExecutionListener@74dae7ed]

  .   ____          _            __ _ _
 /\\ / ___'_ __ _ _(_)_ __  __ _ \ \ \ \
( ( )\___ | '_ | '_| | '_ \/ _` | \ \ \ \
 \\/  ___)| |_)| | | | | || (_| |  ) ) ) )
  '  |____| .__|_| |_|_| |_\__, | / / / /
 =========|_|==============|___/=/_/_/_/
 :: Spring Boot ::        (v2.1.9.RELEASE)

2021-03-22 19:33:29.661  INFO 12184 --- [    Test worker] c.songex.admin.web.indexControllerTest   : Starting indexControllerTest on SONG-DESKTOP with PID 12184 (started by car06 in C:\Users\car06\IdeaProjects\song_ex1)
2021-03-22 19:33:29.662  INFO 12184 --- [    Test worker] c.songex.admin.web.indexControllerTest   : No active profile set, falling back to default profiles: default
2021-03-22 19:33:29.801  INFO 12184 --- [    Test worker] .s.d.r.c.RepositoryConfigurationDelegate : Bootstrapping Spring Data repositories in DEFAULT mode.
2021-03-22 19:33:29.818  INFO 12184 --- [    Test worker] .s.d.r.c.RepositoryConfigurationDelegate : Finished Spring Data repository scanning in 17ms. Found 2 repository interfaces.
2021-03-22 19:33:29.888  INFO 12184 --- [    Test worker] trationDelegate$BeanPostProcessorChecker : Bean 'org.springframework.transaction.annotation.ProxyTransactionManagementConfiguration' of type [org.springframework.transaction.annotation.ProxyTransactionManagementConfiguration$$EnhancerBySpringCGLIB$$f48e83eb] is not eligible for getting processed by all BeanPostProcessors (for example: not eligible for auto-proxying)
2021-03-22 19:33:30.069  INFO 12184 --- [    Test worker] o.s.b.w.embedded.tomcat.TomcatWebServer  : Tomcat initialized with port(s): 0 (http)
2021-03-22 19:33:30.088  INFO 12184 --- [    Test worker] o.apache.catalina.core.StandardService   : Starting service [Tomcat]
2021-03-22 19:33:30.088  INFO 12184 --- [    Test worker] org.apache.catalina.core.StandardEngine  : Starting Servlet engine: [Apache Tomcat/9.0.26]
2021-03-22 19:33:30.191  INFO 12184 --- [    Test worker] o.a.c.c.C.[Tomcat].[localhost].[/]       : Initializing Spring embedded WebApplicationContext
2021-03-22 19:33:30.191  INFO 12184 --- [    Test worker] o.s.web.context.ContextLoader            : Root WebApplicationContext: initialization completed in 528 ms
2021-03-22 19:33:30.316  INFO 12184 --- [    Test worker] com.zaxxer.hikari.HikariDataSource       : HikariPool-2 - Starting...
2021-03-22 19:33:30.316  INFO 12184 --- [    Test worker] com.zaxxer.hikari.HikariDataSource       : HikariPool-2 - Start completed.
2021-03-22 19:33:30.344  INFO 12184 --- [    Test worker] o.hibernate.jpa.internal.util.LogHelper  : HHH000204: Processing PersistenceUnitInfo [
	name: default
	...]
2021-03-22 19:33:30.351  INFO 12184 --- [    Test worker] org.hibernate.dialect.Dialect            : HHH000400: Using dialect: org.hibernate.dialect.MySQL5InnoDBDialect
Hibernate: drop table if exists posts
Hibernate: drop table if exists user
Hibernate: create table posts (id bigint not null auto_increment, created_date datetime, modified_date datetime, author varchar(255), content TEXT not null, title varchar(500) not null, primary key (id)) engine=InnoDB
Hibernate: create table user (id bigint not null auto_increment, created_date datetime, modified_date datetime, email varchar(255) not null, name varchar(255) not null, picture varchar(255), role varchar(255) not null, primary key (id)) engine=InnoDB
2021-03-22 19:33:30.386  INFO 12184 --- [    Test worker] o.h.t.schema.internal.SchemaCreatorImpl  : HHH000476: Executing import script 'org.hibernate.tool.schema.internal.exec.ScriptSourceInputNonExistentImpl@31d166a6'
2021-03-22 19:33:30.386  INFO 12184 --- [    Test worker] j.LocalContainerEntityManagerFactoryBean : Initialized JPA EntityManagerFactory for persistence unit 'default'
2021-03-22 19:33:30.602  INFO 12184 --- [    Test worker] o.h.h.i.QueryTranslatorFactoryInitiator  : HHH000397: Using ASTQueryTranslatorFactory
2021-03-22 19:33:30.712  INFO 12184 --- [    Test worker] o.s.s.web.DefaultSecurityFilterChain     : Creating filter chain: any request, [org.springframework.security.web.context.request.async.WebAsyncManagerIntegrationFilter@5252418d, org.springframework.security.web.context.SecurityContextPersistenceFilter@2d2019af, org.springframework.security.web.header.HeaderWriterFilter@e5e492e, org.springframework.security.web.authentication.logout.LogoutFilter@758252b4, org.springframework.security.oauth2.client.web.OAuth2AuthorizationRequestRedirectFilter@72d7f79b, org.springframework.security.oauth2.client.web.OAuth2LoginAuthenticationFilter@18f7dbd7, org.springframework.security.web.authentication.ui.DefaultLoginPageGeneratingFilter@5842d572, org.springframework.security.web.authentication.ui.DefaultLogoutPageGeneratingFilter@44c96b55, org.springframework.security.web.savedrequest.RequestCacheAwareFilter@75ce8e6d, org.springframework.security.web.servletapi.SecurityContextHolderAwareRequestFilter@925bec3, org.springframework.security.web.authentication.AnonymousAuthenticationFilter@9ef3778, org.springframework.security.web.session.SessionManagementFilter@519014c9, org.springframework.security.web.access.ExceptionTranslationFilter@5d90b4c2, org.springframework.security.web.access.intercept.FilterSecurityInterceptor@10a0d5bf]
2021-03-22 19:33:30.862  INFO 12184 --- [    Test worker] o.s.s.concurrent.ThreadPoolTaskExecutor  : Initializing ExecutorService 'applicationTaskExecutor'
2021-03-22 19:33:30.872  WARN 12184 --- [    Test worker] aWebConfiguration$JpaWebMvcConfiguration : spring.jpa.open-in-view is enabled by default. Therefore, database queries may be performed during view rendering. Explicitly configure spring.jpa.open-in-view to disable this warning
2021-03-22 19:33:30.892  INFO 12184 --- [    Test worker] o.s.b.a.w.s.WelcomePageHandlerMapping    : Adding welcome page template: index
2021-03-22 19:33:31.090  INFO 12184 --- [    Test worker] s.a.ScheduledAnnotationBeanPostProcessor : No TaskScheduler/ScheduledExecutorService bean found for scheduled processing
2021-03-22 19:33:31.103  INFO 12184 --- [    Test worker] o.s.b.w.embedded.tomcat.TomcatWebServer  : Tomcat started on port(s): 4553 (http) with context path ''
2021-03-22 19:33:31.103  INFO 12184 --- [    Test worker] c.songex.admin.web.indexControllerTest   : Started indexControllerTest in 1.463 seconds (JVM running for 7.493)
2021-03-22 19:33:31.165  INFO 12184 --- [o-auto-1-exec-1] o.a.c.c.C.[Tomcat].[localhost].[/]       : Initializing Spring DispatcherServlet 'dispatcherServlet'
2021-03-22 19:33:31.166  INFO 12184 --- [o-auto-1-exec-1] o.s.web.servlet.DispatcherServlet        : Initializing Servlet 'dispatcherServlet'
2021-03-22 19:33:31.179  INFO 12184 --- [o-auto-1-exec-1] o.s.web.servlet.DispatcherServlet        : Completed initialization in 13 ms
Hibernate: select posts0_.id as id1_0_, posts0_.created_date as created_2_0_, posts0_.modified_date as modified3_0_, posts0_.author as author4_0_, posts0_.content as content5_0_, posts0_.title as title6_0_ from posts posts0_ order by posts0_.id DESC
]]></system-out>
  <system-err><![CDATA[]]></system-err>
</testsuite>
